<?xml version="1.0" encoding="UTF-8"?>
<!-- Generated by org.testng.reporters.JUnitReportReporter -->
<testsuite skipped="0" hostname="XTREME-TJ60N2BP" name="com.example.test.BigmirLoginTest" tests="1" failures="0" timestamp="09 лип. 2019 12:10:56 GMT" time="141.262" errors="0">
  <testcase name="bigmirLogin" time="141.262" classname="com.example.test.BigmirLoginTest"/>
</testsuite> <!-- com.example.test.BigmirLoginTest -->
